     1                                 %line 1+1 div1.asm
     2                                 [org 0x100]
     3                                 start:
     4 00000000 B86400                  mov ax,0x64
     5 00000003 B121                    mov cl,0x21
     6 00000005 F6F1                    div cl
     7                                 
     8 00000007 0430                    add al,0x30
     9 00000009 E8FFFF                  call display_letter
    10                                 
    11                                 %line 1+1 ../lib/library1.asm
    12 0000000C CD20                    int 0x20
    13                                 
    14                                 
    15                                 display_letter:
    16 0000000E 50                      push ax
    17 0000000F 53                      push bx
    18 00000010 51                      push cx
    19 00000011 52                      push dx
    20 00000012 56                      push si
    21 00000013 57                      push di
    22 00000014 B40E                    mov ah,0x0e
    23 00000016 BB0F00                  mov bx,0x000f
    24 00000019 CD10                    int 0x10
    25 0000001B 5F                      pop di
    26 0000001C 5E                      pop si
    27 0000001D 5A                      pop dx
    28 0000001E 59                      pop cx
    29 0000001F 5B                      pop bx
    30 00000020 58                      pop ax
    31 00000021 C3                      ret
    32                                 
    33                                 
    34                                 read_keyboard:
    35 00000022 53                      push bx
    36 00000023 51                      push cx
    37 00000024 52                      push dx
    38 00000025 56                      push si
    39 00000026 57                      push di
    40 00000027 B400                    mov ah,0x00
    41 00000029 CD16                    int 0x16
    42 0000002B 5F                      pop di
    43 0000002C 5E                      pop si
    44 0000002D 5A                      pop dx
    45 0000002E 59                      pop cx
    46 0000002F 5B                      pop bx
    47 00000030 C3                      ret
