     1                                 %line 1+1 guess.asm
     2                                 [org 0x0100]
     3                                 
     4 00000000 E440                    in al,(0x40)
     5 00000002 2407                    and al,0x07
     6 00000004 0430                    add al,0x30
     7 00000006 88C1                    mov cl,al
     8                                 game_loop:
     9 00000008 B03F                    mov al,'?'
    10 0000000A E81300                  call display_letter
    11 0000000D E82400                  call read_keyboard
    12 00000010 38C8                    cmp al,cl
    13 00000012 75F2                    jne game_loop
    14 00000014 E80900                  call display_letter
    15 00000017 B03A                    mov al,':'
    16 00000019 E80400                  call display_letter
    17 0000001C B029                    mov al,')'
    18 0000001E E8FFFF                  call display_letter
    19                                 
    20                                 %line 1+1 ../lib/library1.asm
    21 00000021 CD20                    int 0x20
    22                                 
    23                                 
    24                                 display_letter:
    25 00000023 50                      push ax
    26 00000024 53                      push bx
    27 00000025 51                      push cx
    28 00000026 52                      push dx
    29 00000027 56                      push si
    30 00000028 57                      push di
    31 00000029 B40E                    mov ah,0x0e
    32 0000002B BB0F00                  mov bx,0x000f
    33 0000002E CD10                    int 0x10
    34 00000030 5F                      pop di
    35 00000031 5E                      pop si
    36 00000032 5A                      pop dx
    37 00000033 59                      pop cx
    38 00000034 5B                      pop bx
    39 00000035 58                      pop ax
    40 00000036 C3                      ret
    41                                 
    42                                 
    43                                 read_keyboard:
    44 00000037 53                      push bx
    45 00000038 51                      push cx
    46 00000039 52                      push dx
    47 0000003A 56                      push si
    48 0000003B 57                      push di
    49 0000003C B400                    mov ah,0x00
    50 0000003E CD16                    int 0x16
    51 00000040 5F                      pop di
    52 00000041 5E                      pop si
    53 00000042 5A                      pop dx
    54 00000043 59                      pop cx
    55 00000044 5B                      pop bx
    56 00000045 C3                      ret
